A D/Borland Developer Studio////
A D/BorlandC++Builder6.0////
A D/CodeGear RAD Studio////
A D/Delphi////
A D/GUI////
A D/MSVC++////
A D/MicrosoftVisualC++.Net////
A D/MicrosoftVisualC++6.0////
A D/MicrosoftWindowsDll////
A D/PlayerStagePlugin////
A D/VS2010////
A D/benchmarks////
A D/cmake////
A D/debian////
A D/doc////
A D/examples////
A D/python////
A D/src////
A D/tests////
A D/vs.net2003////
A D/win32_dll////
R D/win32_dll////
R D/vs.net2003////
R D/VS2010////
R D/MicrosoftVisualC++6.0////
R D/MSVC++////
